<?xml version="1.0" encoding="UTF-8"?>
<!-- Generated by org.testng.reporters.JUnitXMLReporter -->
<testsuite ignored="0" hostname="WorkBeast" failures="0" tests="7" name="TestRunner_Chrome" time="240.495" errors="0" timestamp="2024-09-23T14:48:49 IST">
  <testcase classname="comBplHrmEmployee_Test.ModifyEmployeedetails_Test" name="modifyEmployeeDetails_Test" time="30.817"/>
  <testcase classname="comBplSettings_Test.BearerTokenGeneration_Test" name="toGenerateBearerToke_Test" time="4.86"/>
  <testcase classname="comBpl_ProjectTest.AssigningProjectToEmployees_Test" name="userShouldAbleToAssignProjectsToEmp_Test" time="23.811"/>
  <testcase classname="comBplHrmPayroll_Test.UpdataePayrollDeatils_Test" name="updatePayrollDetailsOfEmp_Test" time="27.273"/>
  <testcase classname="comBplHrmResources_Test.DowloadResources_Test" name="downloadFileFromResources_Test" time="4.982"/>
  <testcase classname="comBpl_ProjectTest.DeleteProject" name="userShouldAbleToDeleteProject_Test" time="35.749"/>
  <testcase classname="comBpl_ProjectTest.ExportProject_Test" name="exportProjectDetailsinExcel_Test" time="3.03"/>
</testsuite> <!-- TestRunner_Chrome -->
