<?xml version="1.0" encoding="UTF-8"?>
<!-- Generated by org.testng.reporters.JUnitXMLReporter -->
<testsuite ignored="0" hostname="WorkBeast" failures="0" tests="3" name="Test1" time="90.752" errors="0" timestamp="2024-09-23T12:32:19 IST">
  <testcase classname="comBplHrmEmployee_Test.ModifyEmployeedetails_Test" name="modifyEmployeeDetails_Test" time="20.477"/>
  <testcase classname="comBplSettings_Test.BearerTokenGeneration_Test" name="toGenerateBearerToke_Test" time="4.138"/>
  <testcase classname="comBpl_ProjectTest.AssigningProjectToEmployees_Test" name="userShouldAbleToAssignProjectsToEmp_Test" time="14.538"/>
</testsuite> <!-- Test1 -->
