<?xml version="1.0" encoding="UTF-8"?>
<!-- Generated by org.testng.reporters.JUnitXMLReporter -->
<testsuite ignored="0" hostname="WorkBeast" failures="0" tests="7" name="Test" time="105.884" errors="0" timestamp="2024-09-24T10:04:00 IST">
  <testcase classname="comBplHrmEmployee_Test.ModifyEmployeedetails_Test" name="modifyEmployeeDetails_Test" time="14.29"/>
  <testcase classname="comBplSettings_Test.BearerTokenGeneration_Test" name="toGenerateBearerToke_Test" time="0.781"/>
  <testcase classname="comBpl_ProjectTest.AssigningProjectToEmployees_Test" name="userShouldAbleToAssignProjectsToEmp_Test" time="3.458"/>
  <testcase classname="comBplHrmPayroll_Test.UpdataePayrollDeatils_Test" name="updatePayrollDetailsOfEmp_Test" time="7.323"/>
  <testcase classname="comBplHrmResources_Test.DowloadResources_Test" name="downloadFileFromResources_Test" time="1.582"/>
  <testcase classname="comBpl_ProjectTest.DeleteProject" name="userShouldAbleToDeleteProject_Test" time="8.759"/>
  <testcase classname="comBpl_ProjectTest.ExportProject_Test" name="exportProjectDetailsinExcel_Test" time="0.541"/>
</testsuite> <!-- Test -->
